<?xml version="1.0" encoding="UTF-8"?>
<testng-results ignored="0" total="1" passed="1" failed="0" skipped="0">
  <reporter-output>
  </reporter-output>
  <suite started-at="2022-06-19T20:59:11 IST" name="Default suite" finished-at="2022-06-19T21:01:56 IST" duration-ms="164961">
    <groups>
    </groups>
    <test started-at="2022-06-19T20:59:11 IST" name="Default test" finished-at="2022-06-19T21:01:56 IST" duration-ms="164961">
      <class name="Guru99BankPageObjectModel.GuruDiffTypeLoginTest">
        <test-method signature="logindifftypes()[pri:0, instance:Guru99BankPageObjectModel.GuruDiffTypeLoginTest@3b6ddd1d]" started-at="2022-06-19T20:59:11 IST" name="logindifftypes" finished-at="2022-06-19T21:01:56 IST" duration-ms="164873" status="PASS">
          <reporter-output>
          </reporter-output>
        </test-method> <!-- logindifftypes -->
      </class> <!-- Guru99BankPageObjectModel.GuruDiffTypeLoginTest -->
    </test> <!-- Default test -->
  </suite> <!-- Default suite -->
</testng-results>
